Build started 2013/3/11 下午 10:23:44.
     1>Project "D:\[Dropbox]\Dropbox\KCD_Research\Codes\text_detection\c_impl\text_detect\text_detect\text_detect\text_detect.vcxproj" on node 2 (build target(s)).
     1>InitializeBuildStatus:
         Touching "Debug\text_detect.unsuccessfulbuild".
       ClCompile:
         D:\Program Files\Microsoft Visual Studio 10.0\VC\bin\CL.exe /c /I"D:\Program Files\Opencv\opencv\include" /I"D:\Program Files\Opencv\opencv\include\opencv2" /I"D:\Program Files\Opencv\opencv\include\opencv" /ZI /nologo /W3 /WX- /Od /Oy- /D _MBCS /Gm /EHsc /RTC1 /MDd /GS /fp:precise /Zc:wchar_t /Zc:forScope /Fo"Debug\\" /Fd"Debug\vc100.pdb" /Gd /TP /analyze- /errorReport:prompt ..\..\source_code\main.cpp
         main.cpp
       Link:
         D:\Program Files\Microsoft Visual Studio 10.0\VC\bin\link.exe /ERRORREPORT:PROMPT /OUT:"D:\[Dropbox]\Dropbox\KCD_Research\Codes\text_detection\c_impl\text_detect\text_detect\Debug\text_detect.exe" /NOLOGO /LIBPATH:"D:\Program Files\Opencv\opencv\lib" opencv_core244d.lib opencv_highgui244d.lib opencv_calib3d244d.lib opencv_contrib244d.lib opencv_features2d244d.lib opencv_flann244d.lib opencv_imgproc244d.lib opencv_ml244d.lib opencv_objdetect244d.lib opencv_ts244d.lib opencv_legacy244d.lib opencv_video244d.lib opencv_nonfree244d.lib kernel32.lib user32.lib gdi32.lib winspool.lib comdlg32.lib advapi32.lib shell32.lib ole32.lib oleaut32.lib uuid.lib odbc32.lib odbccp32.lib /MANIFEST /ManifestFile:"Debug\text_detect.exe.intermediate.manifest" /MANIFESTUAC:"level='asInvoker' uiAccess='false'" /DEBUG /PDB:"D:\[Dropbox]\Dropbox\KCD_Research\Codes\text_detection\c_impl\text_detect\text_detect\Debug\text_detect.pdb" /TLBID:1 /DYNAMICBASE /NXCOMPAT /IMPLIB:"D:\[Dropbox]\Dropbox\KCD_Research\Codes\text_detection\c_impl\text_detect\text_detect\Debug\text_detect.lib" /MACHINE:X86 Debug\imfeat_ertree_get_ERs_c.obj
         Debug\main.obj
         LINK : D:\[Dropbox]\Dropbox\KCD_Research\Codes\text_detection\c_impl\text_detect\text_detect\Debug\text_detect.exe not found or not built by the last incremental link; performing full link
         text_detect.vcxproj -> D:\[Dropbox]\Dropbox\KCD_Research\Codes\text_detection\c_impl\text_detect\text_detect\Debug\text_detect.exe
       Manifest:
         C:\Program Files\Microsoft SDKs\Windows\v7.0A\bin\mt.exe /nologo /verbose /outputresource:"D:\[Dropbox]\Dropbox\KCD_Research\Codes\text_detection\c_impl\text_detect\text_detect\Debug\text_detect.exe;#1" /manifest Debug\text_detect.exe.intermediate.manifest
       FinalizeBuildStatus:
         Deleting file "Debug\text_detect.unsuccessfulbuild".
         Touching "Debug\text_detect.lastbuildstate".
     1>Done Building Project "D:\[Dropbox]\Dropbox\KCD_Research\Codes\text_detection\c_impl\text_detect\text_detect\text_detect\text_detect.vcxproj" (build target(s)).

Build succeeded.

Time Elapsed 00:00:16.92
